[debug] [2018-08-06T23:27:02.505Z] ----------------------------------------------------------------------
[debug] [2018-08-06T23:27:02.507Z] Command:       /usr/local/Cellar/node/10.8.0/bin/node /usr/local/bin/firebase init
[debug] [2018-08-06T23:27:02.508Z] CLI Version:   4.0.3
[debug] [2018-08-06T23:27:02.508Z] Platform:      darwin
[debug] [2018-08-06T23:27:02.508Z] Node Version:  v10.8.0
[debug] [2018-08-06T23:27:02.509Z] Time:          Mon Aug 06 2018 19:27:02 GMT-0400 (Eastern Daylight Time)
[debug] [2018-08-06T23:27:02.509Z] ----------------------------------------------------------------------
[debug] 
[debug] [2018-08-06T23:27:02.518Z] > command requires scopes: ["email","openid","https://www.googleapis.com/auth/cloudplatformprojects.readonly","https://www.googleapis.com/auth/firebase"]
[debug] [2018-08-06T23:27:02.519Z] > authorizing via signed-in user
[info] 
     🔥🔥🔥🔥🔥🔥🔥🔥 🔥🔥🔥🔥 🔥🔥🔥🔥🔥🔥🔥🔥  🔥🔥🔥🔥🔥🔥🔥🔥 🔥🔥🔥🔥🔥🔥🔥🔥     🔥🔥🔥     🔥🔥🔥🔥🔥🔥  🔥🔥🔥🔥🔥🔥🔥🔥
     🔥🔥        🔥🔥  🔥🔥     🔥🔥 🔥🔥       🔥🔥     🔥🔥  🔥🔥   🔥🔥  🔥🔥       🔥🔥
     🔥🔥🔥🔥🔥🔥    🔥🔥  🔥🔥🔥🔥🔥🔥🔥🔥  🔥🔥🔥🔥🔥🔥   🔥🔥🔥🔥🔥🔥🔥🔥  🔥🔥🔥🔥🔥🔥🔥🔥🔥  🔥🔥🔥🔥🔥🔥  🔥🔥🔥🔥🔥🔥
     🔥🔥        🔥🔥  🔥🔥    🔥🔥  🔥🔥       🔥🔥     🔥🔥 🔥🔥     🔥🔥       🔥🔥 🔥🔥
     🔥🔥       🔥🔥🔥🔥 🔥🔥     🔥🔥 🔥🔥🔥🔥🔥🔥🔥🔥 🔥🔥🔥🔥🔥🔥🔥🔥  🔥🔥     🔥🔥  🔥🔥🔥🔥🔥🔥  🔥🔥🔥🔥🔥🔥🔥🔥

You're about to initialize a Firebase project in this directory:

  /Users/blakepastrana/Documents/Projects/Personal/personal_site

[info] 
=== Project Setup
[info] 
[info] First, let's associate this project directory with a Firebase project.
[info] You can create multiple project aliases by running firebase use --add, 
[info] but for now we'll just set up a default project.
[info] 
[debug] [2018-08-06T23:27:05.232Z] > refreshing access token with scopes: ["email","https://www.googleapis.com/auth/cloudplatformprojects.readonly","https://www.googleapis.com/auth/firebase","openid"]
[debug] [2018-08-06T23:27:05.232Z] >>> HTTP REQUEST POST https://www.googleapis.com/oauth2/v3/token  
 { refresh_token: '1/eXSAPN4-SY6tV9RVV6f_Kh0EzWn0iwr4Up8JXn9D3Yo',
  client_id:
   '563584335869-fgrhgmd47bqnekij5i8b5pr03ho849e6.apps.googleusercontent.com',
  client_secret: 'j9iVZfS8kkCEFUPaAeJV0sAi',
  grant_type: 'refresh_token',
  scope:
   'email https://www.googleapis.com/auth/cloudplatformprojects.readonly https://www.googleapis.com/auth/firebase openid' } 
 Mon Aug 06 2018 19:27:05 GMT-0400 (Eastern Daylight Time)
[debug] [2018-08-06T23:27:05.344Z] <<< HTTP RESPONSE 200
[debug] [2018-08-06T23:27:05.353Z] >>> HTTP REQUEST GET https://admin.firebase.com/v1/projects  
  
 Mon Aug 06 2018 19:27:05 GMT-0400 (Eastern Daylight Time)
[debug] [2018-08-06T23:27:05.719Z] <<< HTTP RESPONSE 200
[info] 
=== Hosting Setup
[info] 
[info] Your public directory is the folder (relative to your project directory) that
[info] will contain Hosting assets to be uploaded with firebase deploy. If you
[info] have a build process for your assets, use your build's output directory.
[info] 
